0 info it worked if it ends with ok
1 verbose cli [ 'C:\\Program Files\\nodejs\\node.exe',
1 verbose cli   'C:\\Program Files\\nodejs\\node_modules\\npm\\bin\\npm-cli.js',
1 verbose cli   'run',
1 verbose cli   'lint' ]
2 info using npm@3.10.10
3 info using node@v6.11.4
4 verbose run-script [ 'prelint', 'lint', 'postlint' ]
5 info lifecycle LS-React-1@1.0.0~prelint: LS-React-1@1.0.0
6 silly lifecycle LS-React-1@1.0.0~prelint: no script for prelint, continuing
7 info lifecycle LS-React-1@1.0.0~lint: LS-React-1@1.0.0
8 verbose lifecycle LS-React-1@1.0.0~lint: unsafe-perm in lifecycle true
9 verbose lifecycle LS-React-1@1.0.0~lint: PATH: C:\Program Files\nodejs\node_modules\npm\bin\node-gyp-bin;C:\Users\alex\Desktop\CS School\React-I\node_modules\.bin;C:\ProgramData\Oracle\Java\javapath;C:\WINDOWS\system32;C:\WINDOWS;C:\WINDOWS\System32\Wbem;C:\WINDOWS\System32\WindowsPowerShell\v1.0\;C:\Program Files\OpenVPN\bin;C:\Program Files\Microsoft SQL Server\110\Tools\Binn\;C:\Program Files\Microsoft SQL Server\120\Tools\Binn\;C:\Program Files (x86)\Windows Kits\10\Windows Performance Toolkit\;C:\Program Files (x86)\GtkSharp\2.12\bin;C:\Users\alex\.dnx\bin;C:\Program Files\Microsoft DNX\Dnvm\;C:\Program Files\Microsoft SQL Server\130\Tools\Binn\;C:\Program Files\Common Files\Autodesk Shared\;C:\Program Files (x86)\Autodesk\Backburner\;C:\Program Files (x86)\NVIDIA Corporation\PhysX\Common;C:\WINDOWS\system32\config\systemprofile\.dnx\bin;C:\Program Files\PuTTY\;C:\WINDOWS\system32;C:\WINDOWS;C:\WINDOWS\System32\Wbem;C:\WINDOWS\System32\WindowsPowerShell\v1.0\;C:\Program Files\Git\cmd;C:\Program Files\nodejs\;C:\Users\alex\AppData\Local\Programs\Python\Python35-32\Scripts\;C:\Users\alex\AppData\Local\Programs\Python\Python35-32\;C:\Users\alex\AppData\Local\Microsoft\WindowsApps;C:\Users\alex\AppData\Local\GitHubDesktop\bin;C:\Users\alex\AppData\Roaming\npm;C:\Program Files\Microsoft VS Code\bin
10 verbose lifecycle LS-React-1@1.0.0~lint: CWD: C:\Users\alex\Desktop\CS School\React-I
11 silly lifecycle LS-React-1@1.0.0~lint: Args: [ '/d /s /c', 'eslint tests/*.js && eslint src/*.js' ]
12 silly lifecycle LS-React-1@1.0.0~lint: Returned: code: 1  signal: null
13 info lifecycle LS-React-1@1.0.0~lint: Failed to exec lint script
14 verbose stack Error: LS-React-1@1.0.0 lint: `eslint tests/*.js && eslint src/*.js`
14 verbose stack Exit status 1
14 verbose stack     at EventEmitter.<anonymous> (C:\Program Files\nodejs\node_modules\npm\lib\utils\lifecycle.js:255:16)
14 verbose stack     at emitTwo (events.js:106:13)
14 verbose stack     at EventEmitter.emit (events.js:191:7)
14 verbose stack     at ChildProcess.<anonymous> (C:\Program Files\nodejs\node_modules\npm\lib\utils\spawn.js:40:14)
14 verbose stack     at emitTwo (events.js:106:13)
14 verbose stack     at ChildProcess.emit (events.js:191:7)
14 verbose stack     at maybeClose (internal/child_process.js:920:16)
14 verbose stack     at Process.ChildProcess._handle.onexit (internal/child_process.js:230:5)
15 verbose pkgid LS-React-1@1.0.0
16 verbose cwd C:\Users\alex\Desktop\CS School\React-I
17 error Windows_NT 10.0.14393
18 error argv "C:\\Program Files\\nodejs\\node.exe" "C:\\Program Files\\nodejs\\node_modules\\npm\\bin\\npm-cli.js" "run" "lint"
19 error node v6.11.4
20 error npm  v3.10.10
21 error code ELIFECYCLE
22 error LS-React-1@1.0.0 lint: `eslint tests/*.js && eslint src/*.js`
22 error Exit status 1
23 error Failed at the LS-React-1@1.0.0 lint script 'eslint tests/*.js && eslint src/*.js'.
23 error Make sure you have the latest version of node.js and npm installed.
23 error If you do, this is most likely a problem with the LS-React-1 package,
23 error not with npm itself.
23 error Tell the author that this fails on your system:
23 error     eslint tests/*.js && eslint src/*.js
23 error You can get information on how to open an issue for this project with:
23 error     npm bugs LS-React-1
23 error Or if that isn't available, you can get their info via:
23 error     npm owner ls LS-React-1
23 error There is likely additional logging output above.
24 verbose exit [ 1, true ]
